[11:09:55] [User Authenticator #4/INFO]: UUID of player Rurikk is 70c784ab-51b2-3665-ad45-f52dc851b181
[11:09:55] [Server thread/INFO]: Rurikk joined the game
[11:09:55] [Server thread/INFO]: Rurikk[/201.246.106.246:60071] logged in with entity id 948 at ([world]143.69076968889564, 76.0, 24.619748776591766)
[11:10:23] [Server thread/INFO]: Rurikk lost connection: Disconnected
[11:10:23] [Server thread/INFO]: Rurikk left the game
[19:14:27] [User Authenticator #5/INFO]: UUID of player 0rd3al is c79889a0-b034-32fa-a695-2a2766269b38
[19:14:27] [Server thread/INFO]: 0rd3al joined the game
[19:14:27] [Server thread/INFO]: 0rd3al[/181.203.110.231:20811] logged in with entity id 1218 at ([world]130.60747697910625, 72.0, 34.59989702806319)
[19:14:41] [Server thread/INFO]: 0rd3al lost connection: Disconnected
[19:14:41] [Server thread/INFO]: 0rd3al left the game
[19:24:15] [User Authenticator #6/INFO]: UUID of player Dorfrost is fa5cf18a-f75d-34c7-afcc-6322dfafcdfd
[19:24:16] [Server thread/INFO]: Dorfrost joined the game
[19:24:16] [Server thread/INFO]: Dorfrost[/201.246.106.246:60063] logged in with entity id 1259 at ([world]119.5, 71.0, 29.5)
[19:25:33] [Server thread/INFO]: Dorfrost has made the advancement [Monster Hunter]
[19:25:37] [User Authenticator #7/INFO]: UUID of player Rurikk is 70c784ab-51b2-3665-ad45-f52dc851b181
[19:25:37] [Server thread/INFO]: Rurikk joined the game
[19:25:37] [Server thread/INFO]: Rurikk[/201.246.106.246:63220] logged in with entity id 1479 at ([world]138.42571156642347, 76.0, 26.978221236529034)
[19:32:04] [Server thread/INFO]: Dorfrost has made the advancement [Stone Age]
[19:36:27] [Server thread/INFO]: Dorfrost has made the advancement [Sweet Dreams]
[19:36:28] [Server thread/INFO]: Rurikk lost connection: Disconnected
[19:36:28] [Server thread/INFO]: Rurikk left the game
[19:36:58] [User Authenticator #8/INFO]: UUID of player Rurikk is 70c784ab-51b2-3665-ad45-f52dc851b181
[19:36:58] [Server thread/INFO]: Rurikk joined the game
[19:36:58] [Server thread/INFO]: Rurikk[/201.246.106.246:55642] logged in with entity id 3901 at ([world]187.51870517490266, 64.0, 27.256793263397814)
[19:37:53] [User Authenticator #8/INFO]: UUID of player 0rd3al is c79889a0-b034-32fa-a695-2a2766269b38
[19:37:53] [Server thread/INFO]: 0rd3al joined the game
[19:37:53] [Server thread/INFO]: 0rd3al[/181.203.110.231:20812] logged in with entity id 4140 at ([world]137.72773425727434, 76.0, 25.631506109363446)
[19:38:01] [Async Chat Thread - #0/INFO]: <Rurikk> discord
[19:44:32] [Server thread/INFO]: Dorfrost has made the advancement [Getting an Upgrade]
[19:47:36] [Server thread/INFO]: Rurikk lost connection: Disconnected
[19:47:36] [Server thread/INFO]: Rurikk left the game
[19:47:45] [Server thread/INFO]: 0rd3al lost connection: Disconnected
[19:47:45] [Server thread/INFO]: 0rd3al left the game
[19:48:01] [User Authenticator #9/INFO]: UUID of player Rurikk is 70c784ab-51b2-3665-ad45-f52dc851b181
[19:48:01] [Server thread/INFO]: Rurikk joined the game
[19:48:01] [Server thread/INFO]: Rurikk[/201.246.106.246:50455] logged in with entity id 6198 at ([world]223.28632071562802, 63.0, 46.267761754923626)
[19:48:03] [User Authenticator #9/INFO]: UUID of player 0rd3al is c79889a0-b034-32fa-a695-2a2766269b38
[19:48:03] [Server thread/INFO]: 0rd3al joined the game
[19:48:03] [Server thread/INFO]: 0rd3al[/181.203.110.231:20804] logged in with entity id 6243 at ([world]212.2727315290306, 63.0, 14.90726190984538)
[19:48:49] [Server thread/INFO]: Rurikk lost connection: Disconnected
[19:48:49] [Server thread/INFO]: Rurikk left the game
[19:57:35] [Server thread/INFO]: 0rd3al has made the advancement [Stone Age]
[19:58:13] [Server thread/INFO]: 0rd3al has made the advancement [Monster Hunter]
[19:59:05] [Server thread/INFO]: 0rd3al has made the advancement [Getting an Upgrade]
[19:59:06] [Server thread/INFO]: 0rd3al lost connection: Disconnected
[19:59:06] [Server thread/INFO]: 0rd3al left the game
[19:59:15] [User Authenticator #10/INFO]: UUID of player 0rd3al is c79889a0-b034-32fa-a695-2a2766269b38
[19:59:15] [Server thread/INFO]: 0rd3al joined the game
[19:59:15] [Server thread/INFO]: 0rd3al[/181.203.110.231:20738] logged in with entity id 8259 at ([world]310.04125500874966, 74.0, 58.76318503904846)
[20:02:05] [User Authenticator #11/INFO]: UUID of player Rurikk is 70c784ab-51b2-3665-ad45-f52dc851b181
[20:02:05] [Server thread/INFO]: Rurikk joined the game
[20:02:05] [Server thread/INFO]: Rurikk[/201.246.106.246:64735] logged in with entity id 8650 at ([world]223.28632071562802, 63.0, 46.267761754923626)
[20:02:15] [Server thread/INFO]: 0rd3al has made the advancement [A Seedy Place]
[20:10:04] [Server thread/INFO]: Rurikk lost connection: Disconnected
[20:10:04] [Server thread/INFO]: Rurikk left the game
[20:10:08] [Server thread/INFO]: 0rd3al lost connection: Disconnected
[20:10:08] [Server thread/INFO]: 0rd3al left the game
[20:10:14] [User Authenticator #12/INFO]: UUID of player Rurikk is 70c784ab-51b2-3665-ad45-f52dc851b181
[20:10:14] [Server thread/INFO]: Rurikk joined the game
[20:10:14] [Server thread/INFO]: Rurikk[/201.246.106.246:54771] logged in with entity id 11024 at ([world]258.9693359745154, 65.0, -13.34735067362287)
[20:10:14] [User Authenticator #12/INFO]: UUID of player 0rd3al is c79889a0-b034-32fa-a695-2a2766269b38
[20:10:14] [Server thread/INFO]: 0rd3al joined the game
[20:10:14] [Server thread/INFO]: 0rd3al[/181.203.110.231:20483] logged in with entity id 11036 at ([world]475.7937035490469, 100.0, 50.08680855007515)
[20:12:08] [Async Chat Thread - #1/INFO]: <0rd3al> frostmourne
[20:16:59] [Async Chat Thread - #2/INFO]: <0rd3al> 520 / 113 / 110
[20:21:06] [Server thread/INFO]: 0rd3al lost connection: Disconnected
[20:21:06] [Server thread/INFO]: 0rd3al left the game
[20:21:06] [Server thread/INFO]: Rurikk lost connection: Disconnected
[20:21:06] [Server thread/INFO]: Rurikk left the game
[20:21:14] [User Authenticator #13/INFO]: UUID of player 0rd3al is c79889a0-b034-32fa-a695-2a2766269b38
[20:21:15] [Server thread/INFO]: 0rd3al joined the game
[20:21:15] [Server thread/INFO]: 0rd3al[/181.203.110.231:20548] logged in with entity id 14257 at ([world]527.2630841438781, 110.0, 103.11559553255105)
[20:21:17] [User Authenticator #13/INFO]: UUID of player Rurikk is 70c784ab-51b2-3665-ad45-f52dc851b181
[20:21:17] [Server thread/INFO]: Rurikk joined the game
[20:21:17] [Server thread/INFO]: Rurikk[/201.246.106.246:54877] logged in with entity id 14319 at ([world]459.94546456777084, 101.0, 54.77792605715422)
[20:23:06] [Server thread/INFO]: Rurikk fell from a high place
[20:25:49] [Server thread/INFO]: Rurikk has made the advancement [A Seedy Place]
[20:30:49] [Server thread/INFO]: Rurikk has made the advancement [Stone Age]
[20:31:20] [Server thread/INFO]: Rurikk has made the advancement [Getting an Upgrade]
[20:31:37] [Server thread/INFO]: Rurikk lost connection: Disconnected
[20:31:37] [Server thread/INFO]: Rurikk left the game
[20:31:57] [Server thread/INFO]: 0rd3al lost connection: Disconnected
[20:31:57] [Server thread/INFO]: 0rd3al left the game
[20:32:02] [User Authenticator #14/INFO]: UUID of player Rurikk is 70c784ab-51b2-3665-ad45-f52dc851b181
[20:32:02] [Server thread/INFO]: Rurikk joined the game
[20:32:02] [Server thread/INFO]: Rurikk[/201.246.106.246:54919] logged in with entity id 17026 at ([world]463.98961734346875, 104.0, 46.62830392050934)
[20:32:02] [User Authenticator #14/INFO]: UUID of player 0rd3al is c79889a0-b034-32fa-a695-2a2766269b38
[20:32:02] [Server thread/INFO]: 0rd3al joined the game
[20:32:02] [Server thread/INFO]: 0rd3al[/181.203.110.231:20614] logged in with entity id 17035 at ([world]501.893816185573, 124.0, 103.72355867331761)
[20:41:17] [Server thread/INFO]: Dorfrost lost connection: Disconnected
[20:41:17] [Server thread/INFO]: Dorfrost left the game
[20:42:21] [User Authenticator #15/INFO]: UUID of player Dorfrost is fa5cf18a-f75d-34c7-afcc-6322dfafcdfd
[20:42:21] [Server thread/INFO]: Dorfrost joined the game
[20:42:21] [Server thread/INFO]: Dorfrost[/201.246.106.246:60273] logged in with entity id 19817 at ([world]313.3862495640254, 74.0, 55.36846621877745)
[20:42:28] [Server thread/INFO]: 0rd3al lost connection: Disconnected
[20:42:28] [Server thread/INFO]: 0rd3al left the game
[20:42:38] [Server thread/INFO]: Rurikk lost connection: Disconnected
[20:42:38] [Server thread/INFO]: Rurikk left the game
[20:42:50] [User Authenticator #15/INFO]: UUID of player Rurikk is 70c784ab-51b2-3665-ad45-f52dc851b181
[20:42:50] [Server thread/INFO]: Rurikk joined the game
[20:42:50] [Server thread/INFO]: Rurikk[/201.246.106.246:54996] logged in with entity id 19949 at ([world]466.1017443389591, 102.0, 47.05311601888579)
[20:42:52] [User Authenticator #15/INFO]: UUID of player 0rd3al is c79889a0-b034-32fa-a695-2a2766269b38
[20:42:53] [Server thread/INFO]: 0rd3al joined the game
[20:42:53] [Server thread/INFO]: 0rd3al[/181.203.110.231:20868] logged in with entity id 20008 at ([world]278.32553229744724, 63.0, -53.30000001192093)
[20:51:29] [Server thread/INFO]: Rurikk has made the advancement [The Parrots and the Bats]
[20:53:00] [Server thread/INFO]: Rurikk lost connection: Disconnected
[20:53:00] [Server thread/INFO]: Rurikk left the game
[20:53:02] [Server thread/INFO]: 0rd3al lost connection: Disconnected
[20:53:02] [Server thread/INFO]: 0rd3al left the game
[20:53:19] [User Authenticator #16/INFO]: UUID of player 0rd3al is c79889a0-b034-32fa-a695-2a2766269b38
[20:53:19] [Server thread/INFO]: 0rd3al joined the game
[20:53:19] [Server thread/INFO]: 0rd3al[/181.203.110.231:20803] logged in with entity id 21550 at ([world]332.664005062075, 94.0, 49.62396659127253)
[20:53:24] [Server thread/INFO]: 0rd3al lost connection: Disconnected
[20:53:24] [Server thread/INFO]: 0rd3al left the game
[20:53:42] [User Authenticator #16/INFO]: UUID of player 0rd3al is c79889a0-b034-32fa-a695-2a2766269b38
[20:53:43] [Server thread/INFO]: 0rd3al joined the game
[20:53:43] [Server thread/INFO]: 0rd3al[/181.203.110.231:20936] logged in with entity id 21594 at ([world]332.664005062075, 94.0, 49.62396659127253)
[20:53:46] [User Authenticator #16/INFO]: UUID of player Rurikk is 70c784ab-51b2-3665-ad45-f52dc851b181
[20:53:46] [Server thread/INFO]: Rurikk joined the game
[20:53:46] [Server thread/INFO]: Rurikk[/201.246.106.246:55041] logged in with entity id 21609 at ([world]283.89769558264175, 63.0, 17.873825043162693)
[20:59:29] [Server thread/INFO]: Rurikk was shot by Skeleton
[21:04:19] [Server thread/INFO]: Rurikk lost connection: Disconnected
[21:04:19] [Server thread/INFO]: Rurikk left the game
[21:04:23] [Server thread/INFO]: 0rd3al lost connection: Disconnected
[21:04:23] [Server thread/INFO]: 0rd3al left the game
[21:04:52] [User Authenticator #17/INFO]: UUID of player Rurikk is 70c784ab-51b2-3665-ad45-f52dc851b181
[21:04:52] [Server thread/INFO]: Rurikk joined the game
[21:04:52] [Server thread/INFO]: Rurikk[/201.246.106.246:55133] logged in with entity id 23882 at ([world]286.2154392792635, 48.0, -0.4403105234795093)
[21:05:22] [User Authenticator #17/INFO]: UUID of player 0rd3al is c79889a0-b034-32fa-a695-2a2766269b38
[21:05:22] [Server thread/INFO]: 0rd3al joined the game
[21:05:22] [Server thread/INFO]: 0rd3al[/181.203.110.231:20945] logged in with entity id 23981 at ([world]512.77294236993, 139.0, 102.77403023834117)
[21:15:41] [Server thread/INFO]: 0rd3al lost connection: Disconnected
[21:15:41] [Server thread/INFO]: 0rd3al left the game
[21:15:58] [Server thread/INFO]: Rurikk lost connection: Disconnected
[21:15:58] [Server thread/INFO]: Rurikk left the game
[21:16:24] [User Authenticator #18/INFO]: UUID of player 0rd3al is c79889a0-b034-32fa-a695-2a2766269b38
[21:16:24] [Server thread/INFO]: 0rd3al joined the game
[21:16:24] [Server thread/INFO]: 0rd3al[/181.203.110.231:20812] logged in with entity id 26562 at ([world]514.5150184603289, 139.0, 106.49376569350038)
[21:18:02] [Server thread/INFO]: 0rd3al lost connection: Disconnected
[21:18:02] [Server thread/INFO]: 0rd3al left the game
[21:19:26] [User Authenticator #19/INFO]: UUID of player Rurikk is 70c784ab-51b2-3665-ad45-f52dc851b181
[21:19:26] [Server thread/INFO]: Rurikk joined the game
[21:19:26] [Server thread/INFO]: Rurikk[/201.246.106.246:55347] logged in with entity id 27063 at ([world]316.30000001192093, 13.0, 0.18005380740572985)
[21:24:16] [Server thread/INFO]: Rurikk lost connection: Disconnected
[21:24:16] [Server thread/INFO]: Rurikk left the game
[21:29:22] [Server thread/INFO]: Dorfrost has made the advancement [A Seedy Place]
[21:37:59] [User Authenticator #20/INFO]: UUID of player Rurikk is 70c784ab-51b2-3665-ad45-f52dc851b181
[21:38:00] [Server thread/INFO]: Rurikk joined the game
[21:38:00] [Server thread/INFO]: Rurikk[/201.246.106.246:55428] logged in with entity id 29645 at ([world]517.3535072472448, 141.0, 103.74108802845703)
[21:38:04] [Server thread/INFO]: Rurikk lost connection: Disconnected
[21:38:04] [Server thread/INFO]: Rurikk left the game
[21:48:39] [User Authenticator #21/INFO]: UUID of player Rurikk is 70c784ab-51b2-3665-ad45-f52dc851b181
[21:48:39] [Server thread/INFO]: Rurikk joined the game
[21:48:39] [Server thread/INFO]: Rurikk[/201.246.106.246:55648] logged in with entity id 31172 at ([world]517.3535072472448, 141.0, 103.74108802845703)
[21:49:30] [Server thread/INFO]: Rurikk lost connection: Disconnected
[21:49:30] [Server thread/INFO]: Rurikk left the game
[21:50:08] [User Authenticator #22/INFO]: UUID of player Rurikk is 70c784ab-51b2-3665-ad45-f52dc851b181
[21:50:08] [Server thread/INFO]: Rurikk joined the game
[21:50:08] [Server thread/INFO]: Rurikk[/201.246.106.246:55661] logged in with entity id 31570 at ([world]495.3641897739987, 114.0, 111.1249606848341)
[22:00:23] [Server thread/INFO]: Rurikk lost connection: Disconnected
[22:00:23] [Server thread/INFO]: Rurikk left the game
[22:07:31] [User Authenticator #23/INFO]: UUID of player Rurikk is 70c784ab-51b2-3665-ad45-f52dc851b181
[22:07:31] [Server thread/INFO]: Rurikk joined the game
[22:07:31] [Server thread/INFO]: Rurikk[/201.246.106.246:55747] logged in with entity id 34082 at ([world]464.76485098813646, 102.0, 49.00448686875964)
[22:09:36] [Server thread/INFO]: Rurikk has made the advancement [Acquire Hardware]
[22:11:29] [Server thread/INFO]: Rurikk lost connection: Disconnected
[22:11:29] [Server thread/INFO]: Rurikk left the game
[22:13:29] [User Authenticator #24/INFO]: UUID of player Rurikk is 70c784ab-51b2-3665-ad45-f52dc851b181
[22:13:29] [Server thread/INFO]: Rurikk joined the game
[22:13:29] [Server thread/INFO]: Rurikk[/201.246.106.246:55818] logged in with entity id 34970 at ([world]308.86388273543093, 74.0, 57.31303241756965)
[22:15:16] [Server thread/INFO]: Dorfrost has made the advancement [Acquire Hardware]
[22:20:20] [Server thread/INFO]: Rurikk was slain by Dorfrost
[22:23:16] [Server thread/INFO]: Rurikk lost connection: Disconnected
[22:23:16] [Server thread/INFO]: Rurikk left the game
[22:23:29] [User Authenticator #25/INFO]: UUID of player Rurikk is 70c784ab-51b2-3665-ad45-f52dc851b181
[22:23:29] [Server thread/INFO]: Rurikk joined the game
[22:23:29] [Server thread/INFO]: Rurikk[/201.246.106.246:55866] logged in with entity id 36146 at ([world]467.25172168907517, 102.0, 46.93623266722217)
[22:23:42] [User Authenticator #25/INFO]: UUID of player 0rd3al is c79889a0-b034-32fa-a695-2a2766269b38
[22:23:42] [Server thread/INFO]: 0rd3al joined the game
[22:23:42] [Server thread/INFO]: 0rd3al[/191.125.172.91:57928] logged in with entity id 36233 at ([world]515.2651471256529, 139.0, 104.11149358224802)
[22:34:15] [Server thread/INFO]: 0rd3al lost connection: Disconnected
[22:34:15] [Server thread/INFO]: 0rd3al left the game
[22:34:23] [Server thread/INFO]: Rurikk lost connection: Disconnected
[22:34:23] [Server thread/INFO]: Rurikk left the game
[22:34:41] [User Authenticator #26/INFO]: UUID of player Rurikk is 70c784ab-51b2-3665-ad45-f52dc851b181
[22:34:41] [Server thread/INFO]: Rurikk joined the game
[22:34:41] [Server thread/INFO]: Rurikk[/201.246.106.246:55919] logged in with entity id 38890 at ([world]520.2537314646015, 100.0, 87.09019695781494)
[22:34:42] [User Authenticator #26/INFO]: UUID of player 0rd3al is c79889a0-b034-32fa-a695-2a2766269b38
[22:34:42] [Server thread/INFO]: 0rd3al joined the game
[22:34:42] [Server thread/INFO]: 0rd3al[/191.125.172.91:57926] logged in with entity id 38945 at ([world]512.4280740503053, 139.0, 104.55304050491426)
[22:45:06] [Server thread/INFO]: Rurikk lost connection: Disconnected
[22:45:06] [Server thread/INFO]: Rurikk left the game
[22:45:09] [Server thread/INFO]: 0rd3al has made the advancement [Sweet Dreams]
[22:45:32] [User Authenticator #27/INFO]: UUID of player Rurikk is 70c784ab-51b2-3665-ad45-f52dc851b181
[22:45:32] [Server thread/INFO]: Rurikk joined the game
[22:45:32] [Server thread/INFO]: Rurikk[/201.246.106.246:55969] logged in with entity id 41525 at ([world]312.3059678053452, 74.0, 56.04512497958069)
[22:53:47] [Server thread/INFO]: Dorfrost has made the advancement [The Parrots and the Bats]
[22:56:05] [Server thread/INFO]: Rurikk lost connection: Disconnected
[22:56:05] [Server thread/INFO]: Rurikk left the game
[22:56:27] [Server thread/INFO]: 0rd3al lost connection: Disconnected
[22:56:27] [Server thread/INFO]: 0rd3al left the game
[22:56:27] [User Authenticator #28/INFO]: UUID of player Rurikk is 70c784ab-51b2-3665-ad45-f52dc851b181
[22:56:27] [Server thread/INFO]: Rurikk joined the game
[22:56:27] [Server thread/INFO]: Rurikk[/201.246.106.246:56004] logged in with entity id 44749 at ([world]456.36435382867023, 102.0, 52.327545393831585)
[22:56:35] [User Authenticator #28/INFO]: UUID of player 0rd3al is c79889a0-b034-32fa-a695-2a2766269b38
[22:56:35] [Server thread/INFO]: 0rd3al joined the game
[22:56:35] [Server thread/INFO]: 0rd3al[/191.125.172.91:58181] logged in with entity id 44816 at ([world]311.4173798631968, 13.0, -18.196433712118036)
[23:07:48] [Server thread/INFO]: 0rd3al lost connection: Disconnected
[23:07:48] [Server thread/INFO]: 0rd3al left the game
[23:07:56] [Server thread/INFO]: Rurikk lost connection: Disconnected
[23:07:56] [Server thread/INFO]: Rurikk left the game
[23:08:53] [User Authenticator #29/INFO]: UUID of player 0rd3al is c79889a0-b034-32fa-a695-2a2766269b38
[23:08:53] [Server thread/INFO]: 0rd3al joined the game
[23:08:53] [Server thread/INFO]: 0rd3al[/191.125.172.91:58247] logged in with entity id 48878 at ([world]285.2516049312123, 47.5, -0.07854021900787227)
[23:08:57] [User Authenticator #29/INFO]: UUID of player Rurikk is 70c784ab-51b2-3665-ad45-f52dc851b181
[23:08:57] [Server thread/INFO]: Rurikk joined the game
[23:08:57] [Server thread/INFO]: Rurikk[/201.246.106.246:56065] logged in with entity id 48925 at ([world]349.45909045440845, 78.0, 120.53747911283135)
[23:12:05] [Server thread/INFO]: 0rd3al has made the advancement [The Parrots and the Bats]
[23:15:57] [Server thread/INFO]: Rurikk has made the advancement [Monster Hunter]
[23:16:39] [Server thread/INFO]: 0rd3al has made the advancement [Acquire Hardware]
[23:16:53] [Server thread/INFO]: 0rd3al has made the advancement [Isn't It Iron Pick]
[23:17:07] [Server thread/INFO]: Rurikk lost connection: Disconnected
[23:17:07] [Server thread/INFO]: Rurikk left the game
[23:19:15] [Server thread/INFO]: Dorfrost lost connection: Disconnected
[23:19:15] [Server thread/INFO]: Dorfrost left the game
[23:19:20] [User Authenticator #30/INFO]: UUID of player Dorfrost is fa5cf18a-f75d-34c7-afcc-6322dfafcdfd
[23:19:20] [Server thread/INFO]: Dorfrost joined the game
[23:19:20] [Server thread/INFO]: Dorfrost[/201.246.106.246:60615] logged in with entity id 51049 at ([world]363.5755937168726, 51.0, 109.63529594235509)
[23:25:13] [User Authenticator #31/INFO]: UUID of player Rurikk is 70c784ab-51b2-3665-ad45-f52dc851b181
[23:25:13] [Server thread/INFO]: Rurikk joined the game
[23:25:13] [Server thread/INFO]: Rurikk[/201.246.106.246:56180] logged in with entity id 52133 at ([world]366.21533034198757, 80.0, 78.70596290076502)
[23:32:44] [Server thread/INFO]: Rurikk has made the advancement [Not Today, Thank You]
[23:34:15] [Server thread/INFO]: 0rd3al has made the advancement [Suit Up]
[23:34:21] [Server thread/INFO]: Dorfrost lost connection: Disconnected
[23:34:21] [Server thread/INFO]: Dorfrost left the game
[23:34:31] [Server thread/INFO]: Rurikk lost connection: Disconnected
[23:34:31] [Server thread/INFO]: Rurikk left the game
[23:34:43] [User Authenticator #32/INFO]: UUID of player Dorfrost is fa5cf18a-f75d-34c7-afcc-6322dfafcdfd
[23:34:43] [Server thread/INFO]: Dorfrost joined the game
[23:34:43] [Server thread/INFO]: Dorfrost[/201.246.106.246:60650] logged in with entity id 54114 at ([world]363.69999998807907, 47.0, 113.63597409003937)
[23:34:51] [User Authenticator #32/INFO]: UUID of player Rurikk is 70c784ab-51b2-3665-ad45-f52dc851b181
[23:34:51] [Server thread/INFO]: Rurikk joined the game
[23:34:51] [Server thread/INFO]: Rurikk[/201.246.106.246:56200] logged in with entity id 54190 at ([world]331.31490584381635, 38.0, 89.69999998807907)
[23:48:13] [Server thread/INFO]: Rurikk was blown up by Creeper
[23:48:44] [Server thread/INFO]: Dorfrost has made the advancement [Not Today, Thank You]
[23:50:49] [Server thread/INFO]: Rurikk lost connection: Disconnected
[23:50:49] [Server thread/INFO]: Rurikk left the game
[23:50:50] [Server thread/INFO]: 0rd3al lost connection: Disconnected
[23:50:50] [Server thread/INFO]: 0rd3al left the game
[23:50:53] [User Authenticator #33/INFO]: UUID of player Rurikk is 70c784ab-51b2-3665-ad45-f52dc851b181
[23:50:53] [Server thread/INFO]: Rurikk joined the game
[23:50:53] [Server thread/INFO]: Rurikk[/201.246.106.246:56243] logged in with entity id 57398 at ([world]345.324477492866, 41.0, 93.95640800396714)
[23:51:17] [User Authenticator #33/INFO]: UUID of player 0rd3al is c79889a0-b034-32fa-a695-2a2766269b38
[23:51:17] [Server thread/INFO]: 0rd3al joined the game
[23:51:17] [Server thread/INFO]: 0rd3al[/191.125.172.91:57924] logged in with entity id 57453 at ([world]515.3451362792064, 139.0, 97.72566226596226)
[23:51:56] [Server thread/INFO]: Dorfrost has made the advancement [Suit Up]
[23:52:34] [Server thread/INFO]: Dorfrost has made the advancement [Isn't It Iron Pick]
[23:53:34] [Server thread/INFO]: Rurikk tried to swim in lava
[23:54:00] [Server thread/INFO]: Rurikk lost connection: Disconnected
[23:54:00] [Server thread/INFO]: Rurikk left the game
[23:54:08] [Server thread/INFO]: 0rd3al lost connection: Disconnected
[23:54:08] [Server thread/INFO]: 0rd3al left the game
[23:54:31] [Server thread/INFO]: Dorfrost lost connection: Disconnected
[23:54:31] [Server thread/INFO]: Dorfrost left the game
