[14:51:49] [main/INFO]: Environment: authHost='https://authserver.mojang.com', accountsHost='https://api.mojang.com', sessionHost='https://sessionserver.mojang.com', servicesHost='https://api.minecraftservices.com', name='PROD'
[14:51:49] [main/INFO]: Reloading ResourceManager: Default, bukkit
[14:51:50] [Worker-Main-1/INFO]: Loaded 7 recipes
[14:51:52] [Server thread/INFO]: Starting minecraft server version 1.16.4
[14:51:52] [Server thread/INFO]: Loading properties
[14:51:52] [Server thread/INFO]: This server is running Paper version git-Paper-300 (MC: 1.16.4) (Implementing API version 1.16.4-R0.1-SNAPSHOT)
[14:51:52] [Server thread/INFO]: Debug logging is disabled
[14:51:52] [Server thread/INFO]: Server Ping Player Sample Count: 12
[14:51:52] [Server thread/INFO]: Using 4 threads for Netty based IO
[14:51:52] [Server thread/INFO]: Default game type: SURVIVAL
[14:51:52] [Server thread/INFO]: Generating keypair
[14:51:52] [Server thread/INFO]: Starting Minecraft server on *:25565
[14:51:52] [Server thread/INFO]: Using default channel type
[14:51:52] [Server thread/INFO]: Server permissions file permissions.yml is empty, ignoring it
[14:51:52] [Server thread/WARN]: **** SERVER IS RUNNING IN OFFLINE/INSECURE MODE!
[14:51:52] [Server thread/WARN]: The server will make no attempt to authenticate usernames. Beware.
[14:51:52] [Server thread/WARN]: While this makes the game possible to play without internet access, it also opens up the ability for hackers to connect with any username they choose.
[14:51:52] [Server thread/WARN]: To change this, set "online-mode" to "true" in the server.properties file.
[14:51:52] [Server thread/INFO]: Preparing level "world"
[14:51:52] [Server thread/INFO]: -------- World Settings For [world] --------
[14:51:52] [Server thread/INFO]: Entity Tracking Range: Pl 48 / An 48 / Mo 48 / Mi 32 / Other 64
[14:51:52] [Server thread/INFO]: Item Despawn Rate: 6000
[14:51:52] [Server thread/INFO]: Item Merge Radius: 2.5
[14:51:52] [Server thread/INFO]: View Distance: 10
[14:51:52] [Server thread/INFO]: Allow Zombie Pigmen to spawn from portal blocks: true
[14:51:52] [Server thread/INFO]: Custom Map Seeds:  Village: 10387312 Desert: 14357617 Igloo: 14357618 Jungle: 14357619 Swamp: 14357620 Monument: 10387313 Ocean: 14357621 Shipwreck: 165745295 End City: 10387313 Slime: 987234911 Bastion: 30084232 Fortress: 30084232 Mansion: 10387319 Fossil: 14357921 Portal: 34222645
[14:51:52] [Server thread/INFO]: Arrow Despawn Rate: 1200 Trident Respawn Rate:1200
[14:51:52] [Server thread/INFO]: Nerfing mobs spawned from spawners: false
[14:51:52] [Server thread/INFO]: Experience Merge Radius: 3.0
[14:51:52] [Server thread/INFO]: Cactus Growth Modifier: 100%
[14:51:52] [Server thread/INFO]: Cane Growth Modifier: 100%
[14:51:52] [Server thread/INFO]: Melon Growth Modifier: 100%
[14:51:52] [Server thread/INFO]: Mushroom Growth Modifier: 100%
[14:51:52] [Server thread/INFO]: Pumpkin Growth Modifier: 100%
[14:51:52] [Server thread/INFO]: Sapling Growth Modifier: 100%
[14:51:52] [Server thread/INFO]: Beetroot Growth Modifier: 100%
[14:51:52] [Server thread/INFO]: Carrot Growth Modifier: 100%
[14:51:52] [Server thread/INFO]: Potato Growth Modifier: 100%
[14:51:52] [Server thread/INFO]: Wheat Growth Modifier: 100%
[14:51:52] [Server thread/INFO]: NetherWart Growth Modifier: 100%
[14:51:52] [Server thread/INFO]: Vine Growth Modifier: 100%
[14:51:52] [Server thread/INFO]: Cocoa Growth Modifier: 100%
[14:51:52] [Server thread/INFO]: Bamboo Growth Modifier: 100%
[14:51:52] [Server thread/INFO]: SweetBerry Growth Modifier: 100%
[14:51:52] [Server thread/INFO]: Kelp Growth Modifier: 100%
[14:51:52] [Server thread/INFO]: Hopper Transfer: 8 Hopper Check: 1 Hopper Amount: 1
[14:51:52] [Server thread/INFO]: Entity Activation Range: An 32 / Mo 32 / Ra 48 / Mi 16 / Tiv true
[14:51:52] [Server thread/INFO]: Tile Max Tick Time: 50ms Entity max Tick Time: 50ms
[14:51:52] [Server thread/INFO]: Max TNT Explosions: 100
[14:51:52] [Server thread/INFO]: Mob Spawn Range: 8
[14:51:52] [Server thread/INFO]: Zombie Aggressive Towards Villager: true
[14:51:53] [Server thread/INFO]: -------- World Settings For [world_nether] --------
[14:51:53] [Server thread/INFO]: Entity Tracking Range: Pl 48 / An 48 / Mo 48 / Mi 32 / Other 64
[14:51:53] [Server thread/INFO]: Item Despawn Rate: 6000
[14:51:53] [Server thread/INFO]: Item Merge Radius: 2.5
[14:51:53] [Server thread/INFO]: View Distance: 10
[14:51:53] [Server thread/INFO]: Allow Zombie Pigmen to spawn from portal blocks: true
[14:51:53] [Server thread/INFO]: Custom Map Seeds:  Village: 10387312 Desert: 14357617 Igloo: 14357618 Jungle: 14357619 Swamp: 14357620 Monument: 10387313 Ocean: 14357621 Shipwreck: 165745295 End City: 10387313 Slime: 987234911 Bastion: 30084232 Fortress: 30084232 Mansion: 10387319 Fossil: 14357921 Portal: 34222645
[14:51:53] [Server thread/INFO]: Arrow Despawn Rate: 1200 Trident Respawn Rate:1200
[14:51:53] [Server thread/INFO]: Nerfing mobs spawned from spawners: false
[14:51:53] [Server thread/INFO]: Experience Merge Radius: 3.0
[14:51:53] [Server thread/INFO]: Cactus Growth Modifier: 100%
[14:51:53] [Server thread/INFO]: Cane Growth Modifier: 100%
[14:51:53] [Server thread/INFO]: Melon Growth Modifier: 100%
[14:51:53] [Server thread/INFO]: Mushroom Growth Modifier: 100%
[14:51:53] [Server thread/INFO]: Pumpkin Growth Modifier: 100%
[14:51:53] [Server thread/INFO]: Sapling Growth Modifier: 100%
[14:51:53] [Server thread/INFO]: Beetroot Growth Modifier: 100%
[14:51:53] [Server thread/INFO]: Carrot Growth Modifier: 100%
[14:51:53] [Server thread/INFO]: Potato Growth Modifier: 100%
[14:51:53] [Server thread/INFO]: Wheat Growth Modifier: 100%
[14:51:53] [Server thread/INFO]: NetherWart Growth Modifier: 100%
[14:51:53] [Server thread/INFO]: Vine Growth Modifier: 100%
[14:51:53] [Server thread/INFO]: Cocoa Growth Modifier: 100%
[14:51:53] [Server thread/INFO]: Bamboo Growth Modifier: 100%
[14:51:53] [Server thread/INFO]: SweetBerry Growth Modifier: 100%
[14:51:53] [Server thread/INFO]: Kelp Growth Modifier: 100%
[14:51:53] [Server thread/INFO]: Hopper Transfer: 8 Hopper Check: 1 Hopper Amount: 1
[14:51:53] [Server thread/INFO]: Entity Activation Range: An 32 / Mo 32 / Ra 48 / Mi 16 / Tiv true
[14:51:53] [Server thread/INFO]: Tile Max Tick Time: 50ms Entity max Tick Time: 50ms
[14:51:53] [Server thread/INFO]: Max TNT Explosions: 100
[14:51:53] [Server thread/INFO]: Mob Spawn Range: 8
[14:51:53] [Server thread/INFO]: Zombie Aggressive Towards Villager: true
[14:51:53] [Server thread/INFO]: -------- World Settings For [world_the_end] --------
[14:51:53] [Server thread/INFO]: Entity Tracking Range: Pl 48 / An 48 / Mo 48 / Mi 32 / Other 64
[14:51:53] [Server thread/INFO]: Item Despawn Rate: 6000
[14:51:53] [Server thread/INFO]: Item Merge Radius: 2.5
[14:51:53] [Server thread/INFO]: View Distance: 10
[14:51:53] [Server thread/INFO]: Allow Zombie Pigmen to spawn from portal blocks: true
[14:51:53] [Server thread/INFO]: Custom Map Seeds:  Village: 10387312 Desert: 14357617 Igloo: 14357618 Jungle: 14357619 Swamp: 14357620 Monument: 10387313 Ocean: 14357621 Shipwreck: 165745295 End City: 10387313 Slime: 987234911 Bastion: 30084232 Fortress: 30084232 Mansion: 10387319 Fossil: 14357921 Portal: 34222645
[14:51:53] [Server thread/INFO]: Arrow Despawn Rate: 1200 Trident Respawn Rate:1200
[14:51:53] [Server thread/INFO]: Nerfing mobs spawned from spawners: false
[14:51:53] [Server thread/INFO]: Experience Merge Radius: 3.0
[14:51:53] [Server thread/INFO]: Cactus Growth Modifier: 100%
[14:51:53] [Server thread/INFO]: Cane Growth Modifier: 100%
[14:51:53] [Server thread/INFO]: Melon Growth Modifier: 100%
[14:51:53] [Server thread/INFO]: Mushroom Growth Modifier: 100%
[14:51:53] [Server thread/INFO]: Pumpkin Growth Modifier: 100%
[14:51:53] [Server thread/INFO]: Sapling Growth Modifier: 100%
[14:51:53] [Server thread/INFO]: Beetroot Growth Modifier: 100%
[14:51:53] [Server thread/INFO]: Carrot Growth Modifier: 100%
[14:51:53] [Server thread/INFO]: Potato Growth Modifier: 100%
[14:51:53] [Server thread/INFO]: Wheat Growth Modifier: 100%
[14:51:53] [Server thread/INFO]: NetherWart Growth Modifier: 100%
[14:51:53] [Server thread/INFO]: Vine Growth Modifier: 100%
[14:51:53] [Server thread/INFO]: Cocoa Growth Modifier: 100%
[14:51:53] [Server thread/INFO]: Bamboo Growth Modifier: 100%
[14:51:53] [Server thread/INFO]: SweetBerry Growth Modifier: 100%
[14:51:53] [Server thread/INFO]: Kelp Growth Modifier: 100%
[14:51:53] [Server thread/INFO]: Hopper Transfer: 8 Hopper Check: 1 Hopper Amount: 1
[14:51:53] [Server thread/INFO]: Entity Activation Range: An 32 / Mo 32 / Ra 48 / Mi 16 / Tiv true
[14:51:53] [Server thread/INFO]: Tile Max Tick Time: 50ms Entity max Tick Time: 50ms
[14:51:53] [Server thread/INFO]: Max TNT Explosions: 100
[14:51:53] [Server thread/INFO]: Mob Spawn Range: 8
[14:51:53] [Server thread/INFO]: Zombie Aggressive Towards Villager: true
[14:51:53] [Server thread/INFO]: Preparing start region for dimension minecraft:overworld
[14:51:53] [Server thread/INFO]: Loaded 0 spawn chunks for world world
[14:51:53] [Server thread/INFO]: Time elapsed: 566 ms
[14:51:53] [Server thread/INFO]: Preparing start region for dimension minecraft:the_nether
[14:51:53] [Server thread/INFO]: Loaded 0 spawn chunks for world world_nether
[14:51:53] [Server thread/INFO]: Time elapsed: 39 ms
[14:51:53] [Server thread/INFO]: Preparing start region for dimension minecraft:the_end
[14:51:53] [Server thread/INFO]: Loaded 0 spawn chunks for world world_the_end
[14:51:53] [Server thread/INFO]: Time elapsed: 43 ms
[14:51:53] [Server thread/INFO]: Running delayed init tasks
[14:51:53] [Server thread/INFO]: Done (1.665s)! For help, type "help"
[14:51:53] [Server thread/INFO]: Timings Reset
